<?xml version="1.0" encoding="UTF-8"?>
<!-- Generated by org.testng.reporters.JUnitXMLReporter -->
<testsuite ignored="0" hostname="ASMP002.local" failures="0" tests="2" name="Default test" time="5.986" errors="0" timestamp="2020-04-26T11:43:22 IST">
  <testcase classname="io.github.madhank93.automating_internet_app.ScreenshotOnError" name="generateException" time="0.043"/>
  <testcase classname="io.github.madhank93.automating_internet_app.ScreenshotOnError" name="fullPageScreenshot" time="0.295"/>
</testsuite> <!-- Default test -->
