<?xml version="1.0" encoding="UTF-8"?>
<!-- Generated by org.testng.reporters.JUnitXMLReporter -->
<testsuite ignored="0" hostname="ASMP002.local" failures="0" tests="2" name="Default test" time="19.417" errors="0" timestamp="2020-04-24T21:38:01 IST">
  <testcase classname="io.github.madhank93.automating_internet_app.DynamicLoading" name="waitTillElementDispalyed" time="11.07"/>
  <testcase classname="io.github.madhank93.automating_internet_app.DynamicLoading" name="waitTillElementRendered" time="5.828"/>
</testsuite> <!-- Default test -->
